{"D:\\Node JS Testing  with Jest\\src\\01_first_test.ts": {"path":"D:\\Node JS Testing  with Jest\\src\\01_first_test.ts","statementMap":{"0":{"start":{"line":1,"column":0},"end":{"line":1,"column":16}},"1":{"start":{"line":13,"column":0},"end":{"line":13,"column":16}},"2":{"start":{"line":2,"column":2},"end":{"line":4,"column":3}},"3":{"start":{"line":3,"column":4},"end":{"line":3,"column":22}},"4":{"start":{"line":6,"column":2},"end":{"line":8,"column":3}},"5":{"start":{"line":7,"column":4},"end":{"line":7,"column":30}},"6":{"start":{"line":10,"column":2},"end":{"line":10,"column":35}},"7":{"start":{"line":14,"column":2},"end":{"line":16,"column":3}},"8":{"start":{"line":15,"column":4},"end":{"line":15,"column":28}},"9":{"start":{"line":18,"column":2},"end":{"line":18,"column":28}}},"fnMap":{"0":{"name":"getEnrollmentMessage","decl":{"start":{"line":1,"column":16},"end":{"line":1,"column":36}},"loc":{"start":{"line":1,"column":54},"end":{"line":11,"column":1}}},"1":{"name":"getCourseAccessMessage","decl":{"start":{"line":13,"column":16},"end":{"line":13,"column":38}},"loc":{"start":{"line":13,"column":58},"end":{"line":19,"column":1}}}},"branchMap":{"0":{"loc":{"start":{"line":2,"column":2},"end":{"line":4,"column":3}},"type":"if","locations":[{"start":{"line":2,"column":2},"end":{"line":4,"column":3}},{"start":{},"end":{}}]},"1":{"loc":{"start":{"line":6,"column":2},"end":{"line":8,"column":3}},"type":"if","locations":[{"start":{"line":6,"column":2},"end":{"line":8,"column":3}},{"start":{},"end":{}}]},"2":{"loc":{"start":{"line":14,"column":2},"end":{"line":16,"column":3}},"type":"if","locations":[{"start":{"line":14,"column":2},"end":{"line":16,"column":3}},{"start":{},"end":{}}]}},"s":{"0":1,"1":1,"2":8,"3":1,"4":7,"5":1,"6":6,"7":2,"8":1,"9":1},"f":{"0":8,"1":2},"b":{"0":[1,7],"1":[1,6],"2":[1,1]}}
}
